
2026-01-26 18:45:53:535
GMT+8
cf-worker-event
GET https://warden.2x.nz/api/accounts/profile
Search properties...
{
"message": 
"GET https://warden.2x.nz/api/accounts/profile",
"level": 
"info",
"$workers": 
{
"event": 
{
"request": 
{
"url": 
"https://warden.2x.nz/api/accounts/profile",
"method": 
"GET",
"headers": 
{
"accept": 
"application/json",
"accept-encoding": 
"gzip, br",
"accept-language": 
"zh-CN,zh;q=0.9,en;q=0.8,en-GB;q=0.7,en-US;q=0.6",
"authorization": 
"********",
"bitwarden-client-name": 
"browser",
"bitwarden-client-version": 
"2025.12.1",
"bitwarden-package-type": 
"Edge Extension",
"cache-control": 
"no-store",
"cf-connecting-ip": 
"103.151.172.30",
"cf-ipcountry": 
"HK",
"cf-ray": 
"9c3f6c619aad8517",
"cf-visitor": 
"{"scheme":"https"}",
"connection": 
"Keep-Alive",
"cookie": 
"REDACTED",
"device-type": 
"5",
"host": 
"warden.2x.nz",
"is-prerelease": 
"1",
"pragma": 
"no-cache",
"priority": 
"u=1, i",
"sec-ch-ua": 
""Not(A:Brand";v="8", "Chromium";v="144", "Microsoft Edge";v="144"",
"sec-ch-ua-mobile": 
"?0",
"sec-ch-ua-platform": 
""Windows"",
"sec-fetch-dest": 
"empty",
"sec-fetch-mode": 
"cors",
"sec-fetch-site": 
"none",
"sec-fetch-storage-access": 
"active",
"user-agent": 
"Mozilla/5.0 (Windows NT 10.0; Win64; x64) AppleWebKit/537.36 (KHTML, like Gecko) Chrome/144.0.0.0 Safari/537.36 Edg/144.0.0.0",
"x-forwarded-proto": 
"https",
"x-real-ip": 
"103.151.172.30"
},
"cf": 
{
"httpProtocol": 
"HTTP/2",
"clientAcceptEncoding": 
"gzip, deflate, br",
"requestPriority": 
"weight=220;exclusive=1",
"edgeRequestKeepAliveStatus": 
1,
"requestHeaderNames": 
{},
"clientTcpRtt": 
2,
"colo": 
"HKG",
"asn": 
137427,
"asOrganization": 
"KIDC LIMITED",
"country": 
"HK",
"isEUCountry": 
false,
"city": 
"Hong Kong",
"continent": 
"AS",
"timezone": 
"Asia/Hong_Kong",
"longitude": 
"114.17469",
"latitude": 
"22.27832",
"postalCode": 
"999077",
"tlsVersion": 
"TLSv1.3",
"tlsCipher": 
"AEAD-AES128-GCM-SHA256",
"tlsClientRandom": 
"KMZi9/VuO7PR7z6R7IbwDF10z3TMF04RynePPESgelU=",
"tlsClientCiphersSha1": 
"3ITBaTW+cfXno+jbp1Rd9MJFgto=",
"tlsClientExtensionsSha1": 
"t0qVYLxidj3D4B9119VVHKPUNH8=",
"tlsClientExtensionsSha1Le": 
"ZD6I4RioJprTVzSWxjxfFPHdb4c=",
"tlsExportedAuthenticator": 
{
"clientHandshake": 
"cff65ecbe0de8b0577d62422e24ee5a361ba6572c1c915497b66447764307901",
"serverHandshake": 
"a62f8aa20385b25938bd4d3c2a8e44c7798fc2693f574c644881d30df1e4b247",
"clientFinished": 
"72f2cc8ba9d4db0bf46618d13fb008da8ce02480081ae5f78a6f2d65679f2e69",
"serverFinished": 
"2d6a2aadb59598f9d00be63f04e004b2234d92648d029c7a2e0e02a9f75e6b62"
},
"tlsClientHelloLength": 
"1809",
"tlsClientAuth": 
{
"certPresented": 
"0",
"certVerified": 
"NONE",
"certRevoked": 
"0",
"certIssuerDN": 
"",
"certSubjectDN": 
"",
"certIssuerDNRFC2253": 
"",
"certSubjectDNRFC2253": 
"",
"certIssuerDNLegacy": 
"",
"certSubjectDNLegacy": 
"",
"certSerial": 
"",
"certIssuerSerial": 
"",
"certSKI": 
"",
"certIssuerSKI": 
"",
"certFingerprintSHA1": 
"",
"certFingerprintSHA256": 
"",
"certNotBefore": 
"",
"certNotAfter": 
""
},
"verifiedBotCategory": 
""
},
"path": 
"/api/accounts/profile"
},
"response": 
{
"status": 
200,
},
"rayId": 
"9c3f6c619aad8517"
},
"scriptName": 
"warden-worker",
"outcome": 
"ok",
"eventType": 
"fetch",
"executionModel": 
"stateless",
"diagnosticsChannelEvents": 
[],
"scriptVersion": 
{
"id": 
"252fafe8-c8c4-49c5-a61b-27c24b2f7de0"
},
"truncated": 
false,
"requestId": 
"9c3f6c619aad8517",
"cpuTimeMs": 
1,
"wallTimeMs": 
81,
},
"$metadata": 
{
"id": 
"01KFWYHY816MS4TKX7PM6HJ50T",
"requestId": 
"9c3f6c619aad8517",
"trigger": 
"GET /api/accounts/profile",
"service": 
"warden-worker",
"level": 
"info",
"statusCode": 
200,
"message": 
"GET https://warden.2x.nz/api/accounts/profile",
"url": 
"https://warden.2x.nz/api/accounts/profile",
"account": 
"1e0e4cc333e3652263d97515cc3b4d2c",
"provider": 
"cloudflare",
"type": 
"cf-worker-event",
"fingerprint": 
"e859ba92a8d88f888a26b8fa233b6b2a",
"origin": 
"fetch",
"messageTemplate": 
"GET https://warden.2x.nz/api/accounts/profile",
}
}
2026-01-26 18:45:53:338
GMT+8
cf-worker-event
GET https://warden.2x.nz/notifications/hub?access_token=REDACTED.REDACTED.REDACTED
Search properties...
{
"message": 
"GET https://warden.2x.nz/notifications/hub?access_token=REDACTED.REDACTED.REDACTED",
"level": 
"info",
"$workers": 
{
"event": 
{
"request": 
{
"url": 
"https://warden.2x.nz/notifications/hub?access_token=REDACTED.REDACTED.REDACTED",
"method": 
"GET",
"headers": 
{
"accept-encoding": 
"gzip, br",
"accept-language": 
"zh-CN,zh;q=0.9,en;q=0.8,en-GB;q=0.7,en-US;q=0.6",
"cache-control": 
"no-cache",
"cf-connecting-ip": 
"103.151.172.30",
"cf-ipcountry": 
"HK",
"cf-ray": 
"9c3f6c604b2e0cd6",
"cf-visitor": 
"{"scheme":"https"}",
"connection": 
"Upgrade",
"host": 
"warden.2x.nz",
"origin": 
"chrome-extension://jbkfoedolllekgbhcbcoahefnbanhhlh",
"pragma": 
"no-cache",
"sec-websocket-extensions": 
"permessage-deflate; client_max_window_bits",
"sec-websocket-key": 
"REDACTED",
"sec-websocket-version": 
"13",
"upgrade": 
"websocket",
"user-agent": 
"Mozilla/5.0 (Windows NT 10.0; Win64; x64) AppleWebKit/537.36 (KHTML, like Gecko) Chrome/144.0.0.0 Safari/537.36 Edg/144.0.0.0",
"x-forwarded-proto": 
"https",
"x-real-ip": 
"103.151.172.30"
},
"cf": 
{
"clientTcpRtt": 
1,
"requestHeaderNames": 
{},
"httpProtocol": 
"HTTP/1.1",
"tlsCipher": 
"AEAD-AES128-GCM-SHA256",
"continent": 
"AS",
"asn": 
137427,
"clientAcceptEncoding": 
"gzip, deflate, br",
"country": 
"HK",
"isEUCountry": 
false,
"verifiedBotCategory": 
"",
"tlsClientCiphersSha1": 
"cG3ksVXz5z5aMztJKpmN9By5SR8=",
"tlsClientAuth": 
{
"certIssuerDNLegacy": 
"",
"certIssuerSKI": 
"",
"certSubjectDNRFC2253": 
"",
"certSubjectDNLegacy": 
"",
"certFingerprintSHA256": 
"",
"certNotBefore": 
"",
"certSKI": 
"",
"certSerial": 
"",
"certIssuerDN": 
"",
"certVerified": 
"NONE",
"certNotAfter": 
"",
"certSubjectDN": 
"",
"certPresented": 
"0",
"certRevoked": 
"0",
"certIssuerSerial": 
"",
"certIssuerDNRFC2253": 
"",
"certFingerprintSHA1": 
""
},
"tlsClientRandom": 
"d9yPBQgyqk+rZ3AEI2Zyzv2i48nEs2swQKqDyYD1uvQ=",
"tlsExportedAuthenticator": 
{
"clientFinished": 
"6fd656afad186fc181fc8030c23642ce2086f5c5b0a7ae828b3f933b765ace51",
"clientHandshake": 
"373b0a15fbb356522d98dd16c5a4be74d233015ae8ae25592e97462787a8ae5e",
"serverHandshake": 
"0fc0b02e7dc63ef5d6fbe6f847914d3d7c23a13c4fa5d6a66232bef17be39b4c",
"serverFinished": 
"ec1a562d38146d314b194be5cbe9c1b051d4edb54c914a18d66b212f44378d88"
},
"tlsClientHelloLength": 
"1972",
"colo": 
"HKG",
"timezone": 
"Asia/Hong_Kong",
"longitude": 
"114.17469",
"latitude": 
"22.27832",
"edgeRequestKeepAliveStatus": 
1,
"requestPriority": 
"",
"postalCode": 
"999077",
"city": 
"Hong Kong",
"tlsVersion": 
"TLSv1.3",
"asOrganization": 
"KIDC LIMITED",
"tlsClientExtensionsSha1Le": 
"QoiVMHqDlGn2alHc9ydEqwdaWHs=",
"tlsClientExtensionsSha1": 
"Hxc4r6Oc5A+oa10d1PDn+r3MuC0="
},
"path": 
"/notifications/hub",
"search": 
{
"access_token": 
"****************"
}
},
"response": 
{
"status": 
404,
},
"rayId": 
"9c3f6c604b2e0cd6"
},
"scriptName": 
"warden-worker",
"outcome": 
"ok",
"eventType": 
"fetch",
"executionModel": 
"stateless",
"diagnosticsChannelEvents": 
[],
"scriptVersion": 
{
"id": 
"252fafe8-c8c4-49c5-a61b-27c24b2f7de0"
},
"truncated": 
false,
"requestId": 
"9c3f6c604b2e0cd6",
"cpuTimeMs": 
11,
"wallTimeMs": 
11,
},
"$metadata": 
{
"id": 
"01KFWYHY1TRGE5S4497XC0E0K6",
"requestId": 
"9c3f6c604b2e0cd6",
"trigger": 
"GET /notifications/hub",
"service": 
"warden-worker",
"level": 
"info",
"statusCode": 
404,
"message": 
"GET https://warden.2x.nz/notifications/hub?access_token=REDACTED.REDACTED.REDACTED",
"url": 
"https://warden.2x.nz/notifications/hub?access_token=REDACTED.REDACTED.REDACTED",
"account": 
"1e0e4cc333e3652263d97515cc3b4d2c",
"provider": 
"cloudflare",
"type": 
"cf-worker-event",
"fingerprint": 
"e859ba92a8d88f888a26b8fa233b6b2a",
"origin": 
"fetch",
"messageTemplate": 
"GET https://warden.2x.nz/notifications/hub?access_token=REDACTED.REDACTED.REDACTED",
}
}
2026-01-26 18:45:53:263
GMT+8
cf-worker-event
GET https://warden.2x.nz/api/sync
Search properties...
{
"message": 
"GET https://warden.2x.nz/api/sync",
"level": 
"info",
"$workers": 
{
"event": 
{
"request": 
{
"url": 
"https://warden.2x.nz/api/sync",
"method": 
"GET",
"headers": 
{
"accept": 
"application/json",
"accept-encoding": 
"gzip, br",
"accept-language": 
"zh-CN,zh;q=0.9,en;q=0.8,en-GB;q=0.7,en-US;q=0.6",
"authorization": 
"********",
"bitwarden-client-name": 
"browser",
"bitwarden-client-version": 
"2025.12.1",
"bitwarden-package-type": 
"Edge Extension",
"cache-control": 
"no-store",
"cf-connecting-ip": 
"103.151.172.30",
"cf-ipcountry": 
"HK",
"cf-ray": 
"9c3f6c5fd9588517",
"cf-visitor": 
"{"scheme":"https"}",
"connection": 
"Keep-Alive",
"cookie": 
"REDACTED",
"device-type": 
"5",
"host": 
"warden.2x.nz",
"is-prerelease": 
"1",
"pragma": 
"no-cache",
"priority": 
"u=1, i",
"sec-fetch-dest": 
"empty",
"sec-fetch-mode": 
"cors",
"sec-fetch-site": 
"none",
"sec-fetch-storage-access": 
"active",
"user-agent": 
"Mozilla/5.0 (Windows NT 10.0; Win64; x64) AppleWebKit/537.36 (KHTML, like Gecko) Chrome/144.0.0.0 Safari/537.36 Edg/144.0.0.0",
"x-forwarded-proto": 
"https",
"x-real-ip": 
"103.151.172.30"
},
"cf": 
{
"httpProtocol": 
"HTTP/2",
"clientAcceptEncoding": 
"gzip, deflate, br",
"requestPriority": 
"weight=220;exclusive=1",
"edgeRequestKeepAliveStatus": 
1,
"requestHeaderNames": 
{},
"clientTcpRtt": 
6,
"colo": 
"HKG",
"asn": 
137427,
"asOrganization": 
"KIDC LIMITED",
"country": 
"HK",
"isEUCountry": 
false,
"city": 
"Hong Kong",
"continent": 
"AS",
"timezone": 
"Asia/Hong_Kong",
"longitude": 
"114.17469",
"latitude": 
"22.27832",
"postalCode": 
"999077",
"tlsVersion": 
"TLSv1.3",
"tlsCipher": 
"AEAD-AES128-GCM-SHA256",
"tlsClientRandom": 
"KMZi9/VuO7PR7z6R7IbwDF10z3TMF04RynePPESgelU=",
"tlsClientCiphersSha1": 
"3ITBaTW+cfXno+jbp1Rd9MJFgto=",
"tlsClientExtensionsSha1": 
"t0qVYLxidj3D4B9119VVHKPUNH8=",
"tlsClientExtensionsSha1Le": 
"ZD6I4RioJprTVzSWxjxfFPHdb4c=",
"tlsExportedAuthenticator": 
{
"clientHandshake": 
"cff65ecbe0de8b0577d62422e24ee5a361ba6572c1c915497b66447764307901",
"serverHandshake": 
"a62f8aa20385b25938bd4d3c2a8e44c7798fc2693f574c644881d30df1e4b247",
"clientFinished": 
"72f2cc8ba9d4db0bf46618d13fb008da8ce02480081ae5f78a6f2d65679f2e69",
"serverFinished": 
"2d6a2aadb59598f9d00be63f04e004b2234d92648d029c7a2e0e02a9f75e6b62"
},
"tlsClientHelloLength": 
"1809",
"tlsClientAuth": 
{
"certPresented": 
"0",
"certVerified": 
"NONE",
"certRevoked": 
"0",
"certIssuerDN": 
"",
"certSubjectDN": 
"",
"certIssuerDNRFC2253": 
"",
"certSubjectDNRFC2253": 
"",
"certIssuerDNLegacy": 
"",
"certSubjectDNLegacy": 
"",
"certSerial": 
"",
"certIssuerSerial": 
"",
"certSKI": 
"",
"certIssuerSKI": 
"",
"certFingerprintSHA1": 
"",
"certFingerprintSHA256": 
"",
"certNotBefore": 
"",
"certNotAfter": 
""
},
"verifiedBotCategory": 
""
},
"path": 
"/api/sync"
},
"response": 
{
"status": 
200,
},
"rayId": 
"9c3f6c5fd9588517"
},
"scriptName": 
"warden-worker",
"outcome": 
"ok",
"eventType": 
"fetch",
"executionModel": 
"stateless",
"diagnosticsChannelEvents": 
[],
"scriptVersion": 
{
"id": 
"252fafe8-c8c4-49c5-a61b-27c24b2f7de0"
},
"truncated": 
false,
"requestId": 
"9c3f6c5fd9588517",
"cpuTimeMs": 
3,
"wallTimeMs": 
191,
},
"$metadata": 
{
"id": 
"01KFWYHXZFCM8WFRZZ1ZJ5EZ84",
"requestId": 
"9c3f6c5fd9588517",
"trigger": 
"GET /api/sync",
"service": 
"warden-worker",
"level": 
"info",
"statusCode": 
200,
"message": 
"GET https://warden.2x.nz/api/sync",
"url": 
"https://warden.2x.nz/api/sync",
"account": 
"1e0e4cc333e3652263d97515cc3b4d2c",
"provider": 
"cloudflare",
"type": 
"cf-worker-event",
"fingerprint": 
"e859ba92a8d88f888a26b8fa233b6b2a",
"origin": 
"fetch",
"messageTemplate": 
"GET https://warden.2x.nz/api/sync",
}
}
2026-01-26 18:45:53:253
GMT+8
cf-worker-event
GET https://warden.2x.nz/api/config
Search properties...
{
"message": 
"GET https://warden.2x.nz/api/config",
"level": 
"info",
"$workers": 
{
"event": 
{
"request": 
{
"url": 
"https://warden.2x.nz/api/config",
"method": 
"GET",
"headers": 
{
"accept": 
"application/json",
"accept-encoding": 
"gzip, br",
"accept-language": 
"zh-CN,zh;q=0.9,en;q=0.8,en-GB;q=0.7,en-US;q=0.6",
"authorization": 
"********",
"bitwarden-client-name": 
"browser",
"bitwarden-client-version": 
"2025.12.1",
"bitwarden-package-type": 
"Edge Extension",
"cache-control": 
"no-store",
"cf-connecting-ip": 
"103.151.172.30",
"cf-ipcountry": 
"HK",
"cf-ray": 
"9c3f6c5fc9498517",
"cf-visitor": 
"{"scheme":"https"}",
"connection": 
"Keep-Alive",
"cookie": 
"REDACTED",
"device-type": 
"5",
"host": 
"warden.2x.nz",
"is-prerelease": 
"1",
"pragma": 
"no-cache",
"priority": 
"u=1, i",
"sec-ch-ua": 
""Not(A:Brand";v="8", "Chromium";v="144", "Microsoft Edge";v="144"",
"sec-ch-ua-mobile": 
"?0",
"sec-ch-ua-platform": 
""Windows"",
"sec-fetch-dest": 
"empty",
"sec-fetch-mode": 
"cors",
"sec-fetch-site": 
"none",
"sec-fetch-storage-access": 
"active",
"user-agent": 
"Mozilla/5.0 (Windows NT 10.0; Win64; x64) AppleWebKit/537.36 (KHTML, like Gecko) Chrome/144.0.0.0 Safari/537.36 Edg/144.0.0.0",
"x-forwarded-proto": 
"https",
"x-real-ip": 
"103.151.172.30"
},
"cf": 
{
"httpProtocol": 
"HTTP/2",
"clientAcceptEncoding": 
"gzip, deflate, br",
"requestPriority": 
"weight=220;exclusive=1",
"edgeRequestKeepAliveStatus": 
1,
"requestHeaderNames": 
{},
"clientTcpRtt": 
6,
"colo": 
"HKG",
"asn": 
137427,
"asOrganization": 
"KIDC LIMITED",
"country": 
"HK",
"isEUCountry": 
false,
"city": 
"Hong Kong",
"continent": 
"AS",
"timezone": 
"Asia/Hong_Kong",
"longitude": 
"114.17469",
"latitude": 
"22.27832",
"postalCode": 
"999077",
"tlsVersion": 
"TLSv1.3",
"tlsCipher": 
"AEAD-AES128-GCM-SHA256",
"tlsClientRandom": 
"KMZi9/VuO7PR7z6R7IbwDF10z3TMF04RynePPESgelU=",
"tlsClientCiphersSha1": 
"3ITBaTW+cfXno+jbp1Rd9MJFgto=",
"tlsClientExtensionsSha1": 
"t0qVYLxidj3D4B9119VVHKPUNH8=",
"tlsClientExtensionsSha1Le": 
"ZD6I4RioJprTVzSWxjxfFPHdb4c=",
"tlsExportedAuthenticator": 
{
"clientHandshake": 
"cff65ecbe0de8b0577d62422e24ee5a361ba6572c1c915497b66447764307901",
"serverHandshake": 
"a62f8aa20385b25938bd4d3c2a8e44c7798fc2693f574c644881d30df1e4b247",
"clientFinished": 
"72f2cc8ba9d4db0bf46618d13fb008da8ce02480081ae5f78a6f2d65679f2e69",
"serverFinished": 
"2d6a2aadb59598f9d00be63f04e004b2234d92648d029c7a2e0e02a9f75e6b62"
},
"tlsClientHelloLength": 
"1809",
"tlsClientAuth": 
{
"certPresented": 
"0",
"certVerified": 
"NONE",
"certRevoked": 
"0",
"certIssuerDN": 
"",
"certSubjectDN": 
"",
"certIssuerDNRFC2253": 
"",
"certSubjectDNRFC2253": 
"",
"certIssuerDNLegacy": 
"",
"certSubjectDNLegacy": 
"",
"certSerial": 
"",
"certIssuerSerial": 
"",
"certSKI": 
"",
"certIssuerSKI": 
"",
"certFingerprintSHA1": 
"",
"certFingerprintSHA256": 
"",
"certNotBefore": 
"",
"certNotAfter": 
""
},
"verifiedBotCategory": 
""
},
"path": 
"/api/config"
},
"response": 
{
"status": 
200,
},
"rayId": 
"9c3f6c5fc9498517"
},
"scriptName": 
"warden-worker",
"outcome": 
"ok",
"eventType": 
"fetch",
"executionModel": 
"stateless",
"diagnosticsChannelEvents": 
[],
"scriptVersion": 
{
"id": 
"252fafe8-c8c4-49c5-a61b-27c24b2f7de0"
},
"truncated": 
false,
"requestId": 
"9c3f6c5fc9498517",
"cpuTimeMs": 
1,
"wallTimeMs": 
4,
},
"$metadata": 
{
"id": 
"01KFWYHXZ5QSZKRZ6W4WWZD4G7",
"requestId": 
"9c3f6c5fc9498517",
"trigger": 
"GET /api/config",
"service": 
"warden-worker",
"level": 
"info",
"statusCode": 
200,
"message": 
"GET https://warden.2x.nz/api/config",
"url": 
"https://warden.2x.nz/api/config",
"account": 
"1e0e4cc333e3652263d97515cc3b4d2c",
"provider": 
"cloudflare",
"type": 
"cf-worker-event",
"fingerprint": 
"e859ba92a8d88f888a26b8fa233b6b2a",
"origin": 
"fetch",
"messageTemplate": 
"GET https://warden.2x.nz/api/config",
}
}
2026-01-26 18:45:53:253
GMT+8
cf-worker-event
GET https://warden.2x.nz/api/config
Search properties...
{
"message": 
"GET https://warden.2x.nz/api/config",
"level": 
"info",
"$workers": 
{
"event": 
{
"request": 
{
"url": 
"https://warden.2x.nz/api/config",
"method": 
"GET",
"headers": 
{
"accept": 
"application/json",
"accept-encoding": 
"gzip, br",
"accept-language": 
"zh-CN,zh;q=0.9,en;q=0.8,en-GB;q=0.7,en-US;q=0.6",
"authorization": 
"********",
"bitwarden-client-name": 
"browser",
"bitwarden-client-version": 
"2025.12.1",
"bitwarden-package-type": 
"Edge Extension",
"cache-control": 
"no-store",
"cf-connecting-ip": 
"103.151.172.30",
"cf-ipcountry": 
"HK",
"cf-ray": 
"9c3f6c5fc94c8517",
"cf-visitor": 
"{"scheme":"https"}",
"connection": 
"Keep-Alive",
"cookie": 
"REDACTED",
"device-type": 
"5",
"host": 
"warden.2x.nz",
"is-prerelease": 
"1",
"pragma": 
"no-cache",
"priority": 
"u=1, i",
"sec-fetch-dest": 
"empty",
"sec-fetch-mode": 
"cors",
"sec-fetch-site": 
"none",
"sec-fetch-storage-access": 
"active",
"user-agent": 
"Mozilla/5.0 (Windows NT 10.0; Win64; x64) AppleWebKit/537.36 (KHTML, like Gecko) Chrome/144.0.0.0 Safari/537.36 Edg/144.0.0.0",
"x-forwarded-proto": 
"https",
"x-real-ip": 
"103.151.172.30"
},
"cf": 
{
"httpProtocol": 
"HTTP/2",
"clientAcceptEncoding": 
"gzip, deflate, br",
"requestPriority": 
"weight=220;exclusive=1",
"edgeRequestKeepAliveStatus": 
1,
"requestHeaderNames": 
{},
"clientTcpRtt": 
6,
"colo": 
"HKG",
"asn": 
137427,
"asOrganization": 
"KIDC LIMITED",
"country": 
"HK",
"isEUCountry": 
false,
"city": 
"Hong Kong",
"continent": 
"AS",
"timezone": 
"Asia/Hong_Kong",
"longitude": 
"114.17469",
"latitude": 
"22.27832",
"postalCode": 
"999077",
"tlsVersion": 
"TLSv1.3",
"tlsCipher": 
"AEAD-AES128-GCM-SHA256",
"tlsClientRandom": 
"KMZi9/VuO7PR7z6R7IbwDF10z3TMF04RynePPESgelU=",
"tlsClientCiphersSha1": 
"3ITBaTW+cfXno+jbp1Rd9MJFgto=",
"tlsClientExtensionsSha1": 
"t0qVYLxidj3D4B9119VVHKPUNH8=",
"tlsClientExtensionsSha1Le": 
"ZD6I4RioJprTVzSWxjxfFPHdb4c=",
"tlsExportedAuthenticator": 
{
"clientHandshake": 
"cff65ecbe0de8b0577d62422e24ee5a361ba6572c1c915497b66447764307901",
"serverHandshake": 
"a62f8aa20385b25938bd4d3c2a8e44c7798fc2693f574c644881d30df1e4b247",
"clientFinished": 
"72f2cc8ba9d4db0bf46618d13fb008da8ce02480081ae5f78a6f2d65679f2e69",
"serverFinished": 
"2d6a2aadb59598f9d00be63f04e004b2234d92648d029c7a2e0e02a9f75e6b62"
},
"tlsClientHelloLength": 
"1809",
"tlsClientAuth": 
{
"certPresented": 
"0",
"certVerified": 
"NONE",
"certRevoked": 
"0",
"certIssuerDN": 
"",
"certSubjectDN": 
"",
"certIssuerDNRFC2253": 
"",
"certSubjectDNRFC2253": 
"",
"certIssuerDNLegacy": 
"",
"certSubjectDNLegacy": 
"",
"certSerial": 
"",
"certIssuerSerial": 
"",
"certSKI": 
"",
"certIssuerSKI": 
"",
"certFingerprintSHA1": 
"",
"certFingerprintSHA256": 
"",
"certNotBefore": 
"",
"certNotAfter": 
""
},
"verifiedBotCategory": 
""
},
"path": 
"/api/config"
},
"response": 
{
"status": 
200,
},
"rayId": 
"9c3f6c5fc94c8517"
},
"scriptName": 
"warden-worker",
"outcome": 
"ok",
"eventType": 
"fetch",
"executionModel": 
"stateless",
"diagnosticsChannelEvents": 
[],
"scriptVersion": 
{
"id": 
"252fafe8-c8c4-49c5-a61b-27c24b2f7de0"
},
"truncated": 
false,
"requestId": 
"9c3f6c5fc94c8517",
"cpuTimeMs": 
2,
"wallTimeMs": 
4,
},
"$metadata": 
{
"id": 
"01KFWYHXZ5QSZKRZ6W4WWZD4G8",
"requestId": 
"9c3f6c5fc94c8517",
"trigger": 
"GET /api/config",
"service": 
"warden-worker",
"level": 
"info",
"statusCode": 
200,
"message": 
"GET https://warden.2x.nz/api/config",
"url": 
"https://warden.2x.nz/api/config",
"account": 
"1e0e4cc333e3652263d97515cc3b4d2c",
"provider": 
"cloudflare",
"type": 
"cf-worker-event",
"fingerprint": 
"e859ba92a8d88f888a26b8fa233b6b2a",
"origin": 
"fetch",
"messageTemplate": 
"GET https://warden.2x.nz/api/config",
}
}
2026-01-26 18:45:53:119
GMT+8
cf-worker-event
POST https://warden.2x.nz/identity/connect/token
Search properties...
{
"message": 
"POST https://warden.2x.nz/identity/connect/token",
"level": 
"info",
"$workers": 
{
"event": 
{
"request": 
{
"url": 
"https://warden.2x.nz/identity/connect/token",
"method": 
"POST",
"headers": 
{
"accept": 
"application/json",
"accept-encoding": 
"gzip, br",
"accept-language": 
"zh-CN,zh;q=0.9,en;q=0.8,en-GB;q=0.7,en-US;q=0.6",
"bitwarden-client-name": 
"browser",
"bitwarden-client-version": 
"2025.12.1",
"bitwarden-package-type": 
"Edge Extension",
"cf-connecting-ip": 
"103.151.172.30",
"cf-ipcountry": 
"HK",
"cf-ray": 
"9c3f6c5ef8b48517",
"cf-visitor": 
"{"scheme":"https"}",
"connection": 
"Keep-Alive",
"content-length": 
"233",
"content-type": 
"application/x-www-form-urlencoded; charset=utf-8",
"cookie": 
"REDACTED",
"device-type": 
"5",
"host": 
"warden.2x.nz",
"origin": 
"chrome-extension://jbkfoedolllekgbhcbcoahefnbanhhlh",
"priority": 
"u=1, i",
"sec-ch-ua": 
""Not(A:Brand";v="8", "Chromium";v="144", "Microsoft Edge";v="144"",
"sec-ch-ua-mobile": 
"?0",
"sec-ch-ua-platform": 
""Windows"",
"sec-fetch-dest": 
"empty",
"sec-fetch-mode": 
"cors",
"sec-fetch-site": 
"none",
"sec-fetch-storage-access": 
"active",
"user-agent": 
"Mozilla/5.0 (Windows NT 10.0; Win64; x64) AppleWebKit/537.36 (KHTML, like Gecko) Chrome/144.0.0.0 Safari/537.36 Edg/144.0.0.0",
"x-forwarded-proto": 
"https",
"x-real-ip": 
"103.151.172.30"
},
"cf": 
{
"httpProtocol": 
"HTTP/2",
"clientAcceptEncoding": 
"gzip, deflate, br",
"requestPriority": 
"weight=220;exclusive=1",
"edgeRequestKeepAliveStatus": 
1,
"requestHeaderNames": 
{},
"clientTcpRtt": 
2,
"colo": 
"HKG",
"asn": 
137427,
"asOrganization": 
"KIDC LIMITED",
"country": 
"HK",
"isEUCountry": 
false,
"city": 
"Hong Kong",
"continent": 
"AS",
"timezone": 
"Asia/Hong_Kong",
"longitude": 
"114.17469",
"latitude": 
"22.27832",
"postalCode": 
"999077",
"tlsVersion": 
"TLSv1.3",
"tlsCipher": 
"AEAD-AES128-GCM-SHA256",
"tlsClientRandom": 
"KMZi9/VuO7PR7z6R7IbwDF10z3TMF04RynePPESgelU=",
"tlsClientCiphersSha1": 
"3ITBaTW+cfXno+jbp1Rd9MJFgto=",
"tlsClientExtensionsSha1": 
"t0qVYLxidj3D4B9119VVHKPUNH8=",
"tlsClientExtensionsSha1Le": 
"ZD6I4RioJprTVzSWxjxfFPHdb4c=",
"tlsExportedAuthenticator": 
{
"clientHandshake": 
"cff65ecbe0de8b0577d62422e24ee5a361ba6572c1c915497b66447764307901",
"serverHandshake": 
"a62f8aa20385b25938bd4d3c2a8e44c7798fc2693f574c644881d30df1e4b247",
"clientFinished": 
"72f2cc8ba9d4db0bf46618d13fb008da8ce02480081ae5f78a6f2d65679f2e69",
"serverFinished": 
"2d6a2aadb59598f9d00be63f04e004b2234d92648d029c7a2e0e02a9f75e6b62"
},
"tlsClientHelloLength": 
"1809",
"tlsClientAuth": 
{
"certPresented": 
"0",
"certVerified": 
"NONE",
"certRevoked": 
"0",
"certIssuerDN": 
"",
"certSubjectDN": 
"",
"certIssuerDNRFC2253": 
"",
"certSubjectDNRFC2253": 
"",
"certIssuerDNLegacy": 
"",
"certSubjectDNLegacy": 
"",
"certSerial": 
"",
"certIssuerSerial": 
"",
"certSKI": 
"",
"certIssuerSKI": 
"",
"certFingerprintSHA1": 
"",
"certFingerprintSHA256": 
"",
"certNotBefore": 
"",
"certNotAfter": 
""
},
"verifiedBotCategory": 
""
},
"path": 
"/identity/connect/token"
},
"response": 
{
"status": 
200,
},
"rayId": 
"9c3f6c5ef8b48517"
},
"scriptName": 
"warden-worker",
"outcome": 
"ok",
"eventType": 
"fetch",
"executionModel": 
"stateless",
"diagnosticsChannelEvents": 
[],
"scriptVersion": 
{
"id": 
"252fafe8-c8c4-49c5-a61b-27c24b2f7de0"
},
"truncated": 
false,
"requestId": 
"9c3f6c5ef8b48517",
"cpuTimeMs": 
2,
"wallTimeMs": 
66,
},
"$metadata": 
{
"id": 
"01KFWYHXTZ7CXNDDJ7T89486NS",
"requestId": 
"9c3f6c5ef8b48517",
"trigger": 
"POST /identity/connect/token",
"service": 
"warden-worker",
"level": 
"info",
"statusCode": 
200,
"message": 
"POST https://warden.2x.nz/identity/connect/token",
"url": 
"https://warden.2x.nz/identity/connect/token",
"account": 
"1e0e4cc333e3652263d97515cc3b4d2c",
"provider": 
"cloudflare",
"type": 
"cf-worker-event",
"fingerprint": 
"e859ba92a8d88f888a26b8fa233b6b2a",
"origin": 
"fetch",
"messageTemplate": 
"POST https://warden.2x.nz/identity/connect/token",
}
}
2026-01-26 18:45:52:699
GMT+8
cf-worker-event
POST https://warden.2x.nz/identity/accounts/prelogin
Search properties...
{
"message": 
"POST https://warden.2x.nz/identity/accounts/prelogin",
"level": 
"info",
"$workers": 
{
"event": 
{
"request": 
{
"url": 
"https://warden.2x.nz/identity/accounts/prelogin",
"method": 
"POST",
"headers": 
{
"accept": 
"application/json",
"accept-encoding": 
"gzip, br",
"accept-language": 
"zh-CN,zh;q=0.9,en;q=0.8,en-GB;q=0.7,en-US;q=0.6",
"bitwarden-client-name": 
"browser",
"bitwarden-client-version": 
"2025.12.1",
"bitwarden-package-type": 
"Edge Extension",
"cf-connecting-ip": 
"103.151.172.30",
"cf-ipcountry": 
"HK",
"cf-ray": 
"9c3f6c5c5ed68517",
"cf-visitor": 
"{"scheme":"https"}",
"connection": 
"Keep-Alive",
"content-length": 
"26",
"content-type": 
"application/json; charset=utf-8",
"cookie": 
"REDACTED",
"device-identifier": 
"b73da144-e70f-450c-8f1a-d4bebc18ec09",
"device-type": 
"5",
"host": 
"warden.2x.nz",
"is-prerelease": 
"1",
"origin": 
"chrome-extension://jbkfoedolllekgbhcbcoahefnbanhhlh",
"priority": 
"u=1, i",
"sec-ch-ua": 
""Not(A:Brand";v="8", "Chromium";v="144", "Microsoft Edge";v="144"",
"sec-ch-ua-mobile": 
"?0",
"sec-ch-ua-platform": 
""Windows"",
"sec-fetch-dest": 
"empty",
"sec-fetch-mode": 
"cors",
"sec-fetch-site": 
"none",
"sec-fetch-storage-access": 
"active",
"user-agent": 
"Mozilla/5.0 (Windows NT 10.0; Win64; x64) AppleWebKit/537.36 (KHTML, like Gecko) Chrome/144.0.0.0 Safari/537.36 Edg/144.0.0.0",
"x-forwarded-proto": 
"https",
"x-real-ip": 
"103.151.172.30"
},
"cf": 
{
"httpProtocol": 
"HTTP/2",
"clientAcceptEncoding": 
"gzip, deflate, br",
"requestPriority": 
"weight=220;exclusive=1",
"edgeRequestKeepAliveStatus": 
1,
"requestHeaderNames": 
{},
"clientTcpRtt": 
2,
"colo": 
"HKG",
"asn": 
137427,
"asOrganization": 
"KIDC LIMITED",
"country": 
"HK",
"isEUCountry": 
false,
"city": 
"Hong Kong",
"continent": 
"AS",
"timezone": 
"Asia/Hong_Kong",
"longitude": 
"114.17469",
"latitude": 
"22.27832",
"postalCode": 
"999077",
"tlsVersion": 
"TLSv1.3",
"tlsCipher": 
"AEAD-AES128-GCM-SHA256",
"tlsClientRandom": 
"KMZi9/VuO7PR7z6R7IbwDF10z3TMF04RynePPESgelU=",
"tlsClientCiphersSha1": 
"3ITBaTW+cfXno+jbp1Rd9MJFgto=",
"tlsClientExtensionsSha1": 
"t0qVYLxidj3D4B9119VVHKPUNH8=",
"tlsClientExtensionsSha1Le": 
"ZD6I4RioJprTVzSWxjxfFPHdb4c=",
"tlsExportedAuthenticator": 
{
"clientHandshake": 
"cff65ecbe0de8b0577d62422e24ee5a361ba6572c1c915497b66447764307901",
"serverHandshake": 
"a62f8aa20385b25938bd4d3c2a8e44c7798fc2693f574c644881d30df1e4b247",
"clientFinished": 
"72f2cc8ba9d4db0bf46618d13fb008da8ce02480081ae5f78a6f2d65679f2e69",
"serverFinished": 
"2d6a2aadb59598f9d00be63f04e004b2234d92648d029c7a2e0e02a9f75e6b62"
},
"tlsClientHelloLength": 
"1809",
"tlsClientAuth": 
{
"certPresented": 
"0",
"certVerified": 
"NONE",
"certRevoked": 
"0",
"certIssuerDN": 
"",
"certSubjectDN": 
"",
"certIssuerDNRFC2253": 
"",
"certSubjectDNRFC2253": 
"",
"certIssuerDNLegacy": 
"",
"certSubjectDNLegacy": 
"",
"certSerial": 
"",
"certIssuerSerial": 
"",
"certSKI": 
"",
"certIssuerSKI": 
"",
"certFingerprintSHA1": 
"",
"certFingerprintSHA256": 
"",
"certNotBefore": 
"",
"certNotAfter": 
""
},
"verifiedBotCategory": 
""
},
"path": 
"/identity/accounts/prelogin"
},
"response": 
{
"status": 
200,
},
"rayId": 
"9c3f6c5c5ed68517"
},
"scriptName": 
"warden-worker",
"outcome": 
"ok",
"eventType": 
"fetch",
"executionModel": 
"stateless",
"diagnosticsChannelEvents": 
[],
"scriptVersion": 
{
"id": 
"252fafe8-c8c4-49c5-a61b-27c24b2f7de0"
},
"truncated": 
false,
"requestId": 
"9c3f6c5c5ed68517",
"cpuTimeMs": 
2,
"wallTimeMs": 
76,
},
"$metadata": 
{
"id": 
"01KFWYHXDVX6GN2J88SBBSRVKT",
"requestId": 
"9c3f6c5c5ed68517",
"trigger": 
"POST /identity/accounts/prelogin",
"service": 
"warden-worker",
"level": 
"info",
"statusCode": 
200,
"message": 
"POST https://warden.2x.nz/identity/accounts/prelogin",
"url": 
"https://warden.2x.nz/identity/accounts/prelogin",
"account": 
"1e0e4cc333e3652263d97515cc3b4d2c",
"provider": 
"cloudflare",
"type": 
"cf-worker-event",
"fingerprint": 
"e859ba92a8d88f888a26b8fa233b6b2a",
"origin": 
"fetch",
"messageTemplate": 
"POST https://warden.2x.nz/identity/accounts/prelogin",
}
}
2026-01-26 18:45:48:668
GMT+8
cf-worker-event
GET https://warden.2x.nz/api/devices/knowndevice
Search properties...
{
"message": 
"GET https://warden.2x.nz/api/devices/knowndevice",
"level": 
"info",
"$workers": 
{
"event": 
{
"request": 
{
"url": 
"https://warden.2x.nz/api/devices/knowndevice",
"method": 
"GET",
"headers": 
{
"accept": 
"application/json",
"accept-encoding": 
"gzip, br",
"accept-language": 
"zh-CN,zh;q=0.9,en;q=0.8,en-GB;q=0.7,en-US;q=0.6",
"bitwarden-client-name": 
"browser",
"bitwarden-client-version": 
"2025.12.1",
"bitwarden-package-type": 
"Edge Extension",
"cache-control": 
"no-store",
"cf-connecting-ip": 
"103.151.172.30",
"cf-ipcountry": 
"HK",
"cf-ray": 
"9c3f6c432bc68517",
"cf-visitor": 
"{"scheme":"https"}",
"connection": 
"Keep-Alive",
"cookie": 
"REDACTED",
"device-identifier": 
"b73da144-e70f-450c-8f1a-d4bebc18ec09",
"device-type": 
"5",
"host": 
"warden.2x.nz",
"is-prerelease": 
"1",
"pragma": 
"no-cache",
"priority": 
"u=1, i",
"sec-ch-ua": 
""Not(A:Brand";v="8", "Chromium";v="144", "Microsoft Edge";v="144"",
"sec-ch-ua-mobile": 
"?0",
"sec-ch-ua-platform": 
""Windows"",
"sec-fetch-dest": 
"empty",
"sec-fetch-mode": 
"cors",
"sec-fetch-site": 
"none",
"sec-fetch-storage-access": 
"active",
"user-agent": 
"Mozilla/5.0 (Windows NT 10.0; Win64; x64) AppleWebKit/537.36 (KHTML, like Gecko) Chrome/144.0.0.0 Safari/537.36 Edg/144.0.0.0",
"x-device-identifier": 
"b73da144-e70f-450c-8f1a-d4bebc18ec09",
"x-forwarded-proto": 
"https",
"x-real-ip": 
"103.151.172.30",
"x-request-email": 
"YWNvZm9ya0BxcS5jb20"
},
"cf": 
{
"httpProtocol": 
"HTTP/2",
"clientAcceptEncoding": 
"gzip, deflate, br",
"requestPriority": 
"weight=220;exclusive=1",
"edgeRequestKeepAliveStatus": 
1,
"requestHeaderNames": 
{},
"clientTcpRtt": 
0,
"colo": 
"HKG",
"asn": 
137427,
"asOrganization": 
"KIDC LIMITED",
"country": 
"HK",
"isEUCountry": 
false,
"city": 
"Hong Kong",
"continent": 
"AS",
"timezone": 
"Asia/Hong_Kong",
"longitude": 
"114.17469",
"latitude": 
"22.27832",
"postalCode": 
"999077",
"tlsVersion": 
"TLSv1.3",
"tlsCipher": 
"AEAD-AES128-GCM-SHA256",
"tlsClientRandom": 
"KMZi9/VuO7PR7z6R7IbwDF10z3TMF04RynePPESgelU=",
"tlsClientCiphersSha1": 
"3ITBaTW+cfXno+jbp1Rd9MJFgto=",
"tlsClientExtensionsSha1": 
"t0qVYLxidj3D4B9119VVHKPUNH8=",
"tlsClientExtensionsSha1Le": 
"ZD6I4RioJprTVzSWxjxfFPHdb4c=",
"tlsExportedAuthenticator": 
{
"clientHandshake": 
"cff65ecbe0de8b0577d62422e24ee5a361ba6572c1c915497b66447764307901",
"serverHandshake": 
"a62f8aa20385b25938bd4d3c2a8e44c7798fc2693f574c644881d30df1e4b247",
"clientFinished": 
"72f2cc8ba9d4db0bf46618d13fb008da8ce02480081ae5f78a6f2d65679f2e69",
"serverFinished": 
"2d6a2aadb59598f9d00be63f04e004b2234d92648d029c7a2e0e02a9f75e6b62"
},
"tlsClientHelloLength": 
"1809",
"tlsClientAuth": 
{
"certPresented": 
"0",
"certVerified": 
"NONE",
"certRevoked": 
"0",
"certIssuerDN": 
"",
"certSubjectDN": 
"",
"certIssuerDNRFC2253": 
"",
"certSubjectDNRFC2253": 
"",
"certIssuerDNLegacy": 
"",
"certSubjectDNLegacy": 
"",
"certSerial": 
"",
"certIssuerSerial": 
"",
"certSKI": 
"",
"certIssuerSKI": 
"",
"certFingerprintSHA1": 
"",
"certFingerprintSHA256": 
"",
"certNotBefore": 
"",
"certNotAfter": 
""
},
"verifiedBotCategory": 
""
},
"path": 
"/api/devices/knowndevice"
},
"response": 
{
"status": 
404,
},
"rayId": 
"9c3f6c432bc68517"
},
"scriptName": 
"warden-worker",
"outcome": 
"ok",
"eventType": 
"fetch",
"executionModel": 
"stateless",
"diagnosticsChannelEvents": 
[],
"scriptVersion": 
{
"id": 
"252fafe8-c8c4-49c5-a61b-27c24b2f7de0"
},
"truncated": 
false,
"requestId": 
"9c3f6c432bc68517",
"cpuTimeMs": 
1,
"wallTimeMs": 
1,
},
"$metadata": 
{
"id": 
"01KFWYHSFWRES6CFQ3YBGB51B4",
"requestId": 
"9c3f6c432bc68517",
"trigger": 
"GET /api/devices/knowndevice",
"service": 
"warden-worker",
"level": 
"info",
"statusCode": 
404,
"message": 
"GET https://warden.2x.nz/api/devices/knowndevice",
"url": 
"https://warden.2x.nz/api/devices/knowndevice",
"account": 
"1e0e4cc333e3652263d97515cc3b4d2c",
"provider": 
"cloudflare",
"type": 
"cf-worker-event",
"fingerprint": 
"e859ba92a8d88f888a26b8fa233b6b2a",
"origin": 
"fetch",
"messageTemplate": 
"GET https://warden.2x.nz/api/devices/knowndevice",
}
}